\BOOKMARK [1][-]{toc.1}{\376\377\000C\000o\000n\000t\000e\000n\000t\000s}{}% 1
\BOOKMARK [1][-]{lof.1}{\376\377\000L\000i\000s\000t\000\040\000o\000f\000\040\000F\000i\000g\000u\000r\000e\000s}{}% 2
\BOOKMARK [1][-]{Doc-Start}{\376\377\000L\000i\000s\000t\000\040\000o\000f\000\040\000F\000i\000g\000u\000r\000e\000s}{}% 3
\BOOKMARK [1][-]{lot.1}{\376\377\000L\000i\000s\000t\000\040\000o\000f\000\040\000T\000a\000b\000l\000e\000s}{}% 4
\BOOKMARK [1][-]{Doc-Start}{\376\377\000L\000i\000s\000t\000\040\000o\000f\000\040\000T\000a\000b\000l\000e\000s}{}% 5
\BOOKMARK [1][-]{section*.1}{\376\377\000\040\000I\000n\000t\000r\000o\000d\000u\000c\000t\000i\000o\000n}{}% 6
\BOOKMARK [2][-]{subsection.1.1}{\376\377\000M\000o\000t\000i\000v\000a\000t\000i\000o\000n}{section*.1}% 7
\BOOKMARK [2][-]{subsection.1.2}{\376\377\000C\000o\000r\000e\000\040\000C\000o\000n\000t\000r\000i\000b\000u\000t\000i\000o\000n\000s}{section*.1}% 8
\BOOKMARK [1][-]{section*.3}{\376\377\000\040\000C\000e\000n\000t\000r\000a\000l\000i\000z\000e\000d\000\040\000M\000u\000l\000t\000i\000-\000A\000g\000e\000n\000t\000\040\000T\000h\000e\000o\000r\000e\000m\000\040\000P\000r\000o\000v\000i\000n\000g}{}% 9
\BOOKMARK [2][-]{subsection.2.1}{\376\377\000B\000a\000c\000k\000g\000r\000o\000u\000n\000d}{section*.3}% 10
\BOOKMARK [2][-]{subsection.2.2}{\376\377\000T\000h\000e\000\040\000C\000e\000n\000t\000r\000a\000l\000i\000z\000e\000d\000\040\000M\000A\000T\000P\000\040\000P\000r\000o\000b\000l\000e\000m}{section*.3}% 11
\BOOKMARK [2][-]{subsection.2.3}{\376\377\000M\000A\000T\000P\000\040\000a\000n\000d\000\040\000S\000c\000h\000e\000d\000u\000l\000i\000n\000g\000\040\000T\000h\000e\000o\000r\000y}{section*.3}% 12
\BOOKMARK [2][-]{subsection.2.4}{\376\377\000C\000o\000m\000p\000l\000e\000x\000i\000t\000y\000\040\000a\000n\000d\000\040\000A\000p\000p\000r\000o\000x\000i\000m\000a\000b\000i\000l\000i\000t\000y}{section*.3}% 13
\BOOKMARK [1][-]{section*.8}{\376\377\000\040\000D\000e\000c\000e\000n\000t\000r\000a\000l\000i\000z\000e\000d\000\040\000M\000u\000l\000t\000i\000-\000A\000g\000e\000n\000t\000\040\000T\000h\000e\000o\000r\000e\000m\000\040\000P\000r\000o\000v\000i\000n\000g}{}% 14
\BOOKMARK [2][-]{subsection.3.1}{\376\377\000B\000a\000c\000k\000g\000r\000o\000u\000n\000d\000:\000\040\000M\000u\000l\000t\000i\000-\000A\000g\000e\000n\000t\000\040\000D\000e\000c\000i\000s\000i\000o\000n\000\040\000M\000a\000k\000i\000n\000g}{section*.8}% 15
\BOOKMARK [2][-]{subsection.3.2}{\376\377\000T\000h\000e\000\040\000D\000e\000c\000e\000n\000t\000r\000a\000l\000i\000z\000e\000d\000\040\000M\000A\000T\000P\000\040\000G\000a\000m\000e}{section*.8}% 16
\BOOKMARK [2][-]{subsection.3.3}{\376\377\000T\000h\000e\000\040\000P\000u\000b\000l\000i\000c\000a\000t\000i\000o\000n\000\040\000E\000x\000t\000e\000r\000n\000a\000l\000i\000t\000y}{section*.8}% 17
\BOOKMARK [2][-]{subsection.3.4}{\376\377\000M\000a\000r\000k\000e\000t\000-\000M\000e\000d\000i\000a\000t\000e\000d\000\040\000M\000A\000T\000P}{section*.8}% 18
\BOOKMARK [2][-]{subsection.3.5}{\376\377\000I\000n\000t\000e\000r\000n\000a\000l\000i\000z\000a\000t\000i\000o\000n\000\040\000o\000f\000\040\000E\000x\000t\000e\000r\000n\000a\000l\000i\000t\000i\000e\000s}{section*.8}% 19
\BOOKMARK [2][-]{subsection.3.6}{\376\377\000E\000q\000u\000i\000l\000i\000b\000r\000i\000u\000m\000\040\000A\000n\000a\000l\000y\000s\000i\000s}{section*.8}% 20
\BOOKMARK [2][-]{subsection.3.7}{\376\377\000I\000n\000t\000r\000a\000c\000t\000i\000b\000i\000l\000i\000t\000y\000\040\000C\000o\000n\000s\000e\000q\000u\000e\000n\000c\000e\000s}{section*.8}% 21
\BOOKMARK [1][-]{section*.9}{\376\377\000\040\000M\000u\000l\000t\000i\000a\000g\000e\000n\000t\000\040\000R\000e\000i\000n\000f\000o\000r\000c\000e\000m\000e\000n\000t\000\040\000L\000e\000a\000r\000n\000i\000n\000g\000\040\000f\000o\000r\000\040\000V\000A\000M\000P\000s}{}% 22
\BOOKMARK [1][-]{section*.10}{\376\377\000\040\000E\000x\000p\000e\000r\000i\000m\000e\000n\000t\000s}{}% 23
\BOOKMARK [1][-]{section*.11}{\376\377\000\040\000A\000p\000p\000l\000i\000c\000a\000t\000i\000o\000n\000\040\000t\000o\000\040\000N\000e\000u\000r\000a\000l\000\040\000T\000h\000e\000o\000r\000e\000m\000\040\000P\000r\000o\000v\000i\000n\000g}{}% 24
\BOOKMARK [1][-]{section*.12}{\376\377\000\040\000C\000o\000n\000c\000l\000u\000s\000i\000o\000n}{}% 25
\BOOKMARK [1][-]{section*.13}{\376\377\000=\000B\000i\000b\000l\000i\000o\000g\000r\000a\000p\000h\000y}{}% 26
